appending output to nohup.out
flag provided but not defined: -istanbul.blockperiod
appending output to nohup.out
flag provided but not defined: -istanbul.blockperiod
appending output to nohup.out
flag provided but not defined: -emitcheckpoints
appending output to nohup.out
DEBUG[10-08|16:22:20.961] Sanitizing Go's GC trigger               percent=100
INFO [10-08|16:22:20.966] Maximum peer count                       ETH=50 LES=0 total=50
WARN [10-08|16:22:20.968] The flag --rpc is deprecated and will be removed in the future, please use --http 
WARN [10-08|16:22:20.968] The flag --rpcaddr is deprecated and will be removed in the future, please use --http.addr 
WARN [10-08|16:22:20.968] The flag --rpcport is deprecated and will be removed in the future, please use --http.port 
WARN [10-08|16:22:20.968] The flag --rpcapi is deprecated and will be removed in the future, please use --http.api 
DEBUG[10-08|16:22:20.973] FS scan times                            list="291.493µs" set="21.58µs" diff="10.265µs"
TRACE[10-08|16:22:20.977] Handled keystore changes                 time=3.725312ms
TRACE[10-08|16:22:20.977] Started watching keystore folder         path=/Users/alessiobianchini/Documents/projects/cyberethicslab/phoenix/quorum/istanbulBFT/node0/data/keystore
WARN [10-08|16:22:21.018] Found deprecated node list file /Users/alessiobianchini/Documents/projects/cyberethicslab/phoenix/quorum/istanbulBFT/node0/data/static-nodes.json, please use the TOML config file instead. 
INFO [10-08|16:22:21.019] Set global gas cap                       cap=25000000
INFO [10-08|16:22:21.019] Allocated trie memory caches             clean=256.00MiB dirty=256.00MiB
INFO [10-08|16:22:21.023] Allocated cache and file handles         database=/Users/alessiobianchini/Documents/projects/cyberethicslab/phoenix/quorum/istanbulBFT/node0/data/geth/chaindata cache=512.00MiB handles=5120
DEBUG[10-08|16:22:21.254] Chain freezer table opened               database=/Users/alessiobianchini/Documents/projects/cyberethicslab/phoenix/quorum/istanbulBFT/node0/data/geth/chaindata/ancient table=hashes items=0 size=0.00B
DEBUG[10-08|16:22:21.311] Chain freezer table opened               database=/Users/alessiobianchini/Documents/projects/cyberethicslab/phoenix/quorum/istanbulBFT/node0/data/geth/chaindata/ancient table=bodies items=0 size=0.00B
DEBUG[10-08|16:22:21.368] Chain freezer table opened               database=/Users/alessiobianchini/Documents/projects/cyberethicslab/phoenix/quorum/istanbulBFT/node0/data/geth/chaindata/ancient table=receipts items=0 size=0.00B
DEBUG[10-08|16:22:21.411] Chain freezer table opened               database=/Users/alessiobianchini/Documents/projects/cyberethicslab/phoenix/quorum/istanbulBFT/node0/data/geth/chaindata/ancient table=diffs    items=0 size=0.00B
DEBUG[10-08|16:22:21.460] Chain freezer table opened               database=/Users/alessiobianchini/Documents/projects/cyberethicslab/phoenix/quorum/istanbulBFT/node0/data/geth/chaindata/ancient table=headers  items=0 size=0.00B
INFO [10-08|16:22:21.460] Opened ancient database                  database=/Users/alessiobianchini/Documents/projects/cyberethicslab/phoenix/quorum/istanbulBFT/node0/data/geth/chaindata/ancient
DEBUG[10-08|16:22:21.464] Current full block not old enough        number=0 hash="e92b3e…276935" delay=90000
INFO [10-08|16:22:21.473] Initialised chain configuration          config="{ChainID: 10 Homestead: 0 DAO: <nil> DAOSupport: false EIP150: 0 EIP155: 0 EIP158: 0 Byzantium: 0 Constantinople: 0 Petersburg: <nil> Istanbul: <nil>, Muir Glacier: <nil>, YOLO v1: <nil>, Engine: unknown}"
INFO [10-08|16:22:21.473] Disk storage enabled for ethash caches   dir=/Users/alessiobianchini/Documents/projects/cyberethicslab/phoenix/quorum/istanbulBFT/node0/data/geth/ethash count=3
INFO [10-08|16:22:21.473] Disk storage enabled for ethash DAGs     dir=/Users/alessiobianchini/Library/Ethash count=2
INFO [10-08|16:22:21.474] Initialising Ethereum protocol           versions="[65 64 63]" network=10 dbversion=<nil>
WARN [10-08|16:22:21.474] Upgrade blockchain database version      from=<nil> to=8
INFO [10-08|16:22:21.477] Loaded most recent local header          number=0 hash="e92b3e…276935" td=1 age=45m48s
INFO [10-08|16:22:21.477] Loaded most recent local full block      number=0 hash="e92b3e…276935" td=1 age=45m48s
INFO [10-08|16:22:21.477] Loaded most recent local fast block      number=0 hash="e92b3e…276935" td=1 age=45m48s
DEBUG[10-08|16:22:21.486] Reinjecting stale transactions           count=0
INFO [10-08|16:22:21.487] Regenerated local transaction journal    transactions=0 accounts=0
DEBUG[10-08|16:22:21.492] Recalculated downloader QoS values       rtt=20s confidence=1.000 ttl=1m0s
INFO [10-08|16:22:21.492] Starting peer-to-peer node               instance=Geth/v1.9.22-stable/darwin-amd64/go1.15.2
TRACE[10-08|16:22:21.622] Adding static node                       id=2b07a911c51a0408 ip=127.0.0.1 added=true
TRACE[10-08|16:22:21.622] Adding static node                       id=0a7d604603626fe4 ip=127.0.0.1 added=true
TRACE[10-08|16:22:21.622] Starting p2p dial                        id=0a7d604603626fe4 ip=127.0.0.1 flag=staticdial
TRACE[10-08|16:22:21.622] Adding static node                       id=44cf1ca8bf61cab4 ip=127.0.0.1 added=true
TRACE[10-08|16:22:21.622] Starting p2p dial                        id=44cf1ca8bf61cab4 ip=127.0.0.1 flag=staticdial
DEBUG[10-08|16:22:21.623] TCP listener up                          addr=[::]:30300
DEBUG[10-08|16:22:21.625] IPC registered                           namespace=admin
DEBUG[10-08|16:22:21.625] IPC registered                           namespace=admin
DEBUG[10-08|16:22:21.625] IPC registered                           namespace=debug
DEBUG[10-08|16:22:21.625] IPC registered                           namespace=web3
DEBUG[10-08|16:22:21.625] IPC registered                           namespace=eth
DEBUG[10-08|16:22:21.626] IPC registered                           namespace=eth
DEBUG[10-08|16:22:21.626] IPC registered                           namespace=eth
DEBUG[10-08|16:22:21.626] IPC registered                           namespace=txpool
DEBUG[10-08|16:22:21.626] IPC registered                           namespace=debug
DEBUG[10-08|16:22:21.626] IPC registered                           namespace=debug
DEBUG[10-08|16:22:21.626] IPC registered                           namespace=eth
DEBUG[10-08|16:22:21.626] IPC registered                           namespace=personal
DEBUG[10-08|16:22:21.626] IPC registered                           namespace=eth
DEBUG[10-08|16:22:21.626] IPC registered                           namespace=ethash
DEBUG[10-08|16:22:21.626] IPC registered                           namespace=eth
DEBUG[10-08|16:22:21.626] IPC registered                           namespace=eth
DEBUG[10-08|16:22:21.626] IPC registered                           namespace=eth
DEBUG[10-08|16:22:21.626] IPC registered                           namespace=miner
DEBUG[10-08|16:22:21.626] IPC registered                           namespace=eth
DEBUG[10-08|16:22:21.626] IPC registered                           namespace=admin
DEBUG[10-08|16:22:21.626] IPC registered                           namespace=debug
INFO [10-08|16:22:21.627] New local node record                    seq=1 id=2b07a911c51a0408 ip=127.0.0.1 udp=0 tcp=30300
INFO [10-08|16:22:21.627] Started P2P networking                   self="enode://50cd3d80b8161be289a1e1cfe0f976d8f250b33744798228733823869a54980264ef6c1f472b03b9e3b8d62d3f3bb6086eec9a8d20f3ffd2a801a5f57707c52c@127.0.0.1:30300?discport=0"
DEBUG[10-08|16:22:21.627] IPC registered                           namespace=debug
DEBUG[10-08|16:22:21.627] IPC registered                           namespace=net
DEBUG[10-08|16:22:21.627] RPC server shutting down 
DEBUG[10-08|16:22:21.628] Read error                               err="accept tcp [::]:30300: use of closed network connection"
TRACE[10-08|16:22:21.628] P2P networking is spinning down 
TRACE[10-08|16:22:21.630] Rejected peer                            id=0a7d604603626fe4 addr=127.0.0.1:30301 conn=staticdial err="server stopped"
TRACE[10-08|16:22:21.630] Rejected peer                            id=44cf1ca8bf61cab4 addr=127.0.0.1:30302 conn=staticdial err="server stopped"
DEBUG[10-08|16:22:23.726] Couldn't add port mapping                proto=tcp extport=30300 intport=30300 interface="UPnP or NAT-PMP" err="no UPnP or NAT-PMP router discovered"
DEBUG[10-08|16:22:23.726] Deleting port mapping                    proto=tcp extport=30300 intport=30300 interface="UPnP or NAT-PMP"
Fatal: Error starting protocol stack: listen unix /Users/alessiobianchini/Documents/projects/cyberethicslab/phoenix/quorum/istanbulBFT/node0/data/geth.ipc: bind: invalid argument
